2024-04-21 23:00:13,374 - INFO - Iniciando indexacao dos documentos.
2024-04-21 23:00:13,495 - INFO - Indexacao concluida com sucesso.
2024-04-22 16:34:15,332 - INFO - Iniciando indexacao dos documentos.
2024-04-22 16:34:15,455 - INFO - Indexacao concluida com sucesso.
2024-04-22 16:45:15,986 - INFO - Iniciando indexacao dos documentos.
2024-04-22 16:45:16,110 - INFO - Indexacao concluida com sucesso.
2024-04-22 16:57:54,714 - INFO - Iniciando indexacao dos documentos.
2024-04-22 16:57:54,839 - INFO - Indexacao concluida com sucesso.
2024-04-23 12:26:37,489 - DEBUG - Iniciando INDEXADOR
2024-04-23 12:26:37,492 - DEBUG - Lendo arquivo de configuração (INDEX.CFG)
2024-04-23 12:27:12,417 - DEBUG - Iniciando INDEXADOR
2024-04-23 12:27:12,417 - DEBUG - Lendo arquivo de configuração (config/index.cfg)
2024-04-23 12:27:12,419 - DEBUG - Lendo arquivo CSV (esultados/lista_invertida.cs)
2024-04-23 12:31:57,689 - DEBUG - Iniciando INDEXADOR
2024-04-23 12:31:57,690 - DEBUG - Lendo arquivo de configuração (config/index.cfg)
2024-04-23 12:31:57,690 - DEBUG - Lendo arquivo CSV (resultados/lista_invertida.cs)
2024-04-23 12:32:12,742 - DEBUG - Iniciando INDEXADOR
2024-04-23 12:32:12,742 - DEBUG - Lendo arquivo de configuração (config/index.cfg)
2024-04-23 12:32:12,742 - DEBUG - Lendo arquivo CSV (resultados/lista_invertida.cs)
2024-04-23 12:33:46,761 - DEBUG - Iniciando INDEXADOR
2024-04-23 12:35:56,651 - DEBUG - Iniciando INDEXADOR
2024-04-23 12:39:29,450 - DEBUG - Iniciando INDEXADOR
2024-04-23 12:39:29,450 - DEBUG - Lendo arquivo de configuracao (config/index.cfg)
2024-04-23 12:39:29,450 - DEBUG - Lendo arquivo CSV (resultados/lista_invertida.csv)
2024-04-23 12:42:17,268 - DEBUG - Iniciando INDEXADOR
2024-04-23 12:42:17,268 - DEBUG - Lendo arquivo de configuracao (config/index.cfg)
2024-04-23 12:42:17,268 - DEBUG - Lendo arquivo CSV (resultados/lista_invertida.csv)
2024-04-23 12:43:40,866 - DEBUG - Iniciando INDEXADOR
2024-04-23 12:43:40,866 - DEBUG - Lendo arquivo de configuracao (config/index.cfg)
2024-04-23 12:43:40,866 - DEBUG - Lendo arquivo CSV (resultados/lista_invertida.csv)
2024-04-23 12:50:36,762 - DEBUG - Iniciando INDEXADOR
2024-04-23 12:50:36,763 - DEBUG - Lendo arquivo de configuracao (config/index.cfg)
2024-04-23 12:50:36,763 - DEBUG - Lendo arquivo CSV (resultados/lista_invertida.csv)
2024-04-23 12:56:50,391 - DEBUG - Iniciando INDEXADOR
2024-04-23 12:56:50,391 - DEBUG - Lendo arquivo de configuracao (config/index.cfg)
2024-04-23 12:56:50,391 - DEBUG - Lendo arquivo CSV (resultados/lista_invertida.csv)
ERROR:root:Arquivo  resultados/lista_invertida.csv nao encontrado.
INFO:root:Iniciando indexador...
INFO:root:Lendo arquivo: resultados/lista_invertida.csv
INFO:__main__:Iniciando indexador...
INFO:__main__:Lendo arquivo: resultados/lista_invertida.csv
INFO:__main__:Iniciando indexador...
INFO:__main__:Lendo arquivo: resultados/lista_invertida.csv
INFO:root:Iniciando indexador...
INFO:root:Lendo arquivo: resultados/lista_invertida.csv
INFO:root:Iniciando indexador...
INFO:root:Lendo arquivo: resultados/lista_invertida.csv
WARNING:root:Linha mal formatada no arquivo resultados/lista_invertida.csv: ['Palavra;Documentos']
WARNING:root:Linha mal formatada no arquivo resultados/lista_invertida.csv: ['ABDOMEN;[1063]']
WARNING:root:Linha mal formatada no arquivo resultados/lista_invertida.csv: ['ABDOMINAL;[1063]']
WARNING:root:Linha mal formatada no arquivo resultados/lista_invertida.csv: ['ABETALIPOPROTINAEMIA;[1088]']
INFO:root:Iniciando indexador...
INFO:root:Lendo arquivo: resultados/lista_invertida.csv
INFO:root:Iniciando indexador...
INFO:root:Lendo arquivo: resultados/lista_invertida.csv
INFO:root:Iniciando indexador...
INFO:root:Lendo arquivo: resultados/lista_invertida.csv
INFO:root:Iniciando indexador...
INFO:root:Lendo arquivo: resultados/lista_invertida.csv
INFO:root:Calculando TF-IDF...
INFO:root:Salvando modelo vetorial em resultados/modelo_vetorial.json...
INFO:root:Indexação concluída.
INFO:root:Iniciando indexador...
INFO:root:Lendo arquivo: resultados/lista_invertida.csv
INFO:root:Calculando TF-IDF...
INFO:root:Salvando modelo vetorial em resultados/modelo_vetorial.json...
INFO:root:Indexacao concluida.
